<?xml version="1.0" encoding="UTF-8"?>
<testng-results ignored="0" total="1" passed="1" failed="0" skipped="0">
  <reporter-output>
  </reporter-output>
  <suite started-at="2022-06-28T15:46:03 IST" name="Default suite" finished-at="2022-06-28T15:46:29 IST" duration-ms="25709">
    <groups>
    </groups>
    <test started-at="2022-06-28T15:46:03 IST" name="Default test" finished-at="2022-06-28T15:46:29 IST" duration-ms="25709">
      <class name="testcases.POC">
        <test-method signature="totalAmountValidation()[pri:0, instance:testcases.POC@6283d8b8]" started-at="2022-06-28T15:46:03 IST" name="totalAmountValidation" finished-at="2022-06-28T15:46:29 IST" duration-ms="25666" status="PASS">
          <reporter-output>
          </reporter-output>
        </test-method> <!-- totalAmountValidation -->
      </class> <!-- testcases.POC -->
    </test> <!-- Default test -->
  </suite> <!-- Default suite -->
</testng-results>
